{"numFailedTestSuites":0,"numFailedTests":0,"numPassedTestSuites":1,"numPassedTests":2,"numPendingTestSuites":0,"numPendingTests":0,"numRuntimeErrorTestSuites":0,"numTodoTests":0,"numTotalTestSuites":1,"numTotalTests":2,"openHandles":[],"snapshot":{"added":1,"didUpdate":false,"failure":false,"filesAdded":1,"filesRemoved":0,"filesRemovedList":[],"filesUnmatched":0,"filesUpdated":0,"matched":1,"total":2,"unchecked":0,"uncheckedKeysByFile":[],"unmatched":0,"updated":0},"startTime":1662222348909,"success":true,"testResults":[{"leaks":false,"numFailingTests":0,"numPassingTests":2,"numPendingTests":0,"numTodoTests":0,"openHandles":[],"perfStats":{"end":1662222351131,"runtime":2185,"slow":false,"start":1662222348946},"skipped":false,"snapshot":{"added":1,"fileDeleted":false,"matched":1,"unchecked":0,"uncheckedKeys":[],"unmatched":0,"updated":0},"testFilePath":"/Users/mbj/projects/prodev/automata-tests/test-case-1.spec.js","testResults":[{"ancestorTitles":["sum module"],"duration":825,"failureDetails":[],"failureMessages":[],"fullName":"sum module Print 0001","invocations":1,"location":null,"numPassingAsserts":0,"retryReasons":[],"status":"passed","title":"Print 0001"},{"ancestorTitles":["sum module"],"duration":646,"failureDetails":[],"failureMessages":[],"fullName":"sum module Print 0002","invocations":1,"location":null,"numPassingAsserts":0,"retryReasons":[],"status":"passed","title":"Print 0002"}],"failureMessage":null}],"wasInterrupted":false}