{"numFailedTestSuites":0,"numFailedTests":0,"numPassedTestSuites":1,"numPassedTests":4,"numPendingTestSuites":0,"numPendingTests":0,"numRuntimeErrorTestSuites":0,"numTodoTests":0,"numTotalTestSuites":1,"numTotalTests":4,"openHandles":[],"snapshot":{"added":0,"didUpdate":false,"failure":false,"filesAdded":0,"filesRemoved":0,"filesRemovedList":[],"filesUnmatched":0,"filesUpdated":0,"matched":3,"total":3,"unchecked":0,"uncheckedKeysByFile":[],"unmatched":0,"updated":0},"startTime":1662316298768,"success":true,"testResults":[{"leaks":false,"numFailingTests":0,"numPassingTests":4,"numPendingTests":0,"numTodoTests":0,"openHandles":[],"perfStats":{"end":1662316305368,"runtime":6561,"slow":true,"start":1662316298807},"skipped":false,"snapshot":{"added":0,"fileDeleted":false,"matched":3,"unchecked":0,"uncheckedKeys":[],"unmatched":0,"updated":0},"testFilePath":"/Users/mbj/projects/prodev/automata-tests/projects/project1/phase-1.spec.js","testResults":[{"ancestorTitles":["phase-1_VISUAL_WEB"],"duration":1256,"failureDetails":[],"failureMessages":[],"fullName":"phase-1_VISUAL_WEB WEB","invocations":1,"location":null,"numPassingAsserts":0,"retryReasons":[],"status":"passed","title":"WEB"},{"ancestorTitles":["phase-1_VISUAL_MOBILE"],"duration":1322,"failureDetails":[],"failureMessages":[],"fullName":"phase-1_VISUAL_MOBILE MOBILE","invocations":1,"location":null,"numPassingAsserts":0,"retryReasons":[],"status":"passed","title":"MOBILE"},{"ancestorTitles":["phase-1_VISUAL_TABLET"],"duration":1622,"failureDetails":[],"failureMessages":[],"fullName":"phase-1_VISUAL_TABLET TABLET","invocations":1,"location":null,"numPassingAsserts":0,"retryReasons":[],"status":"passed","title":"TABLET"},{"ancestorTitles":["phase-1_E2E"],"duration":292,"failureDetails":[],"failureMessages":[],"fullName":"phase-1_E2E test-1","invocations":1,"location":null,"numPassingAsserts":0,"retryReasons":[],"status":"passed","title":"test-1"}],"failureMessage":null}],"wasInterrupted":false}